{"/home/gchilie/Desktop/Questioner/test.js":{"path":"/home/gchilie/Desktop/Questioner/test.js","s":{"1":1,"2":1,"3":1,"4":1,"5":1,"6":1,"7":1,"8":1,"9":1,"10":1,"11":1,"12":1,"13":1,"14":1,"15":1,"16":1,"17":1,"18":1,"19":1,"20":1,"21":1,"22":1,"23":1,"24":1,"25":1,"26":1,"27":1,"28":1,"29":1,"30":1,"31":1,"32":1,"33":1,"34":1,"35":1,"36":1,"37":1,"38":1,"39":1,"40":1,"41":1,"42":1,"43":1,"44":1,"45":1,"46":1,"47":1,"48":1,"49":1,"50":5,"51":5,"52":5,"53":5,"54":5,"55":5,"56":5,"57":5,"58":5,"59":1,"60":1,"61":1,"62":1,"63":1,"64":1,"65":1,"66":1,"67":1,"68":1,"69":1,"70":1,"71":1,"72":1,"73":1,"74":1,"75":1,"76":1,"77":1,"78":1,"79":4,"80":4,"81":4,"82":4,"83":4,"84":4,"85":4,"86":4,"87":4,"88":1,"89":1,"90":1,"91":1,"92":1,"93":1,"94":1,"95":1,"96":1,"97":1,"98":1,"99":1,"100":1,"101":1,"102":1,"103":1},"b":{},"f":{},"fnMap":{},"statementMap":{"1":{"start":{"line":2,"column":0},"end":{"line":2,"column":29}},"2":{"start":{"line":3,"column":0},"end":{"line":3,"column":38}},"3":{"start":{"line":4,"column":0},"end":{"line":4,"column":32}},"4":{"start":{"line":6,"column":0},"end":{"line":6,"column":19}},"5":{"start":{"line":7,"column":0},"end":{"line":7,"column":14}},"6":{"start":{"line":9,"column":0},"end":{"line":124,"column":3}},"7":{"start":{"line":10,"column":2},"end":{"line":22,"column":5}},"8":{"start":{"line":11,"column":4},"end":{"line":21,"column":7}},"9":{"start":{"line":12,"column":6},"end":{"line":20,"column":11}},"10":{"start":{"line":15,"column":10},"end":{"line":15,"column":39}},"11":{"start":{"line":16,"column":10},"end":{"line":16,"column":44}},"12":{"start":{"line":17,"column":10},"end":{"line":17,"column":41}},"13":{"start":{"line":18,"column":10},"end":{"line":18,"column":52}},"14":{"start":{"line":19,"column":10},"end":{"line":19,"column":17}},"15":{"start":{"line":24,"column":2},"end":{"line":50,"column":5}},"16":{"start":{"line":25,"column":4},"end":{"line":36,"column":7}},"17":{"start":{"line":26,"column":6},"end":{"line":26,"column":19}},"18":{"start":{"line":27,"column":6},"end":{"line":35,"column":11}},"19":{"start":{"line":30,"column":10},"end":{"line":30,"column":39}},"20":{"start":{"line":31,"column":10},"end":{"line":31,"column":44}},"21":{"start":{"line":32,"column":10},"end":{"line":32,"column":41}},"22":{"start":{"line":33,"column":10},"end":{"line":33,"column":48}},"23":{"start":{"line":34,"column":10},"end":{"line":34,"column":17}},"24":{"start":{"line":38,"column":4},"end":{"line":49,"column":7}},"25":{"start":{"line":39,"column":6},"end":{"line":39,"column":23}},"26":{"start":{"line":40,"column":6},"end":{"line":48,"column":11}},"27":{"start":{"line":43,"column":10},"end":{"line":43,"column":39}},"28":{"start":{"line":44,"column":10},"end":{"line":44,"column":44}},"29":{"start":{"line":45,"column":10},"end":{"line":45,"column":41}},"30":{"start":{"line":46,"column":10},"end":{"line":46,"column":51}},"31":{"start":{"line":47,"column":10},"end":{"line":47,"column":17}},"32":{"start":{"line":52,"column":2},"end":{"line":63,"column":5}},"33":{"start":{"line":53,"column":4},"end":{"line":62,"column":7}},"34":{"start":{"line":54,"column":6},"end":{"line":61,"column":11}},"35":{"start":{"line":57,"column":10},"end":{"line":57,"column":39}},"36":{"start":{"line":58,"column":10},"end":{"line":58,"column":44}},"37":{"start":{"line":59,"column":10},"end":{"line":59,"column":41}},"38":{"start":{"line":60,"column":10},"end":{"line":60,"column":17}},"39":{"start":{"line":65,"column":2},"end":{"line":109,"column":5}},"40":{"start":{"line":66,"column":4},"end":{"line":66,"column":74}},"41":{"start":{"line":67,"column":4},"end":{"line":85,"column":7}},"42":{"start":{"line":68,"column":6},"end":{"line":74,"column":8}},"43":{"start":{"line":75,"column":6},"end":{"line":84,"column":11}},"44":{"start":{"line":79,"column":10},"end":{"line":79,"column":39}},"45":{"start":{"line":80,"column":10},"end":{"line":80,"column":44}},"46":{"start":{"line":81,"column":10},"end":{"line":81,"column":41}},"47":{"start":{"line":82,"column":10},"end":{"line":82,"column":48}},"48":{"start":{"line":83,"column":10},"end":{"line":83,"column":17}},"49":{"start":{"line":87,"column":4},"end":{"line":108,"column":7}},"50":{"start":{"line":88,"column":6},"end":{"line":107,"column":9}},"51":{"start":{"line":89,"column":8},"end":{"line":95,"column":10}},"52":{"start":{"line":96,"column":8},"end":{"line":96,"column":34}},"53":{"start":{"line":97,"column":8},"end":{"line":106,"column":13}},"54":{"start":{"line":101,"column":12},"end":{"line":101,"column":41}},"55":{"start":{"line":102,"column":12},"end":{"line":102,"column":46}},"56":{"start":{"line":103,"column":12},"end":{"line":103,"column":43}},"57":{"start":{"line":104,"column":12},"end":{"line":104,"column":53}},"58":{"start":{"line":105,"column":12},"end":{"line":105,"column":19}},"59":{"start":{"line":111,"column":2},"end":{"line":123,"column":5}},"60":{"start":{"line":112,"column":4},"end":{"line":122,"column":7}},"61":{"start":{"line":113,"column":6},"end":{"line":121,"column":11}},"62":{"start":{"line":116,"column":10},"end":{"line":116,"column":39}},"63":{"start":{"line":117,"column":10},"end":{"line":117,"column":44}},"64":{"start":{"line":118,"column":10},"end":{"line":118,"column":41}},"65":{"start":{"line":119,"column":10},"end":{"line":119,"column":48}},"66":{"start":{"line":120,"column":10},"end":{"line":120,"column":17}},"67":{"start":{"line":126,"column":0},"end":{"line":198,"column":3}},"68":{"start":{"line":127,"column":2},"end":{"line":169,"column":5}},"69":{"start":{"line":128,"column":4},"end":{"line":128,"column":60}},"70":{"start":{"line":129,"column":4},"end":{"line":146,"column":7}},"71":{"start":{"line":130,"column":6},"end":{"line":135,"column":8}},"72":{"start":{"line":136,"column":6},"end":{"line":145,"column":11}},"73":{"start":{"line":140,"column":10},"end":{"line":140,"column":39}},"74":{"start":{"line":141,"column":10},"end":{"line":141,"column":44}},"75":{"start":{"line":142,"column":10},"end":{"line":142,"column":41}},"76":{"start":{"line":143,"column":10},"end":{"line":143,"column":48}},"77":{"start":{"line":144,"column":10},"end":{"line":144,"column":17}},"78":{"start":{"line":148,"column":4},"end":{"line":168,"column":7}},"79":{"start":{"line":149,"column":6},"end":{"line":167,"column":9}},"80":{"start":{"line":150,"column":8},"end":{"line":155,"column":10}},"81":{"start":{"line":156,"column":8},"end":{"line":156,"column":36}},"82":{"start":{"line":157,"column":8},"end":{"line":166,"column":13}},"83":{"start":{"line":161,"column":12},"end":{"line":161,"column":41}},"84":{"start":{"line":162,"column":12},"end":{"line":162,"column":46}},"85":{"start":{"line":163,"column":12},"end":{"line":163,"column":43}},"86":{"start":{"line":164,"column":12},"end":{"line":164,"column":53}},"87":{"start":{"line":165,"column":12},"end":{"line":165,"column":19}},"88":{"start":{"line":171,"column":2},"end":{"line":183,"column":5}},"89":{"start":{"line":172,"column":4},"end":{"line":182,"column":7}},"90":{"start":{"line":173,"column":6},"end":{"line":181,"column":11}},"91":{"start":{"line":176,"column":10},"end":{"line":176,"column":39}},"92":{"start":{"line":177,"column":10},"end":{"line":177,"column":44}},"93":{"start":{"line":178,"column":10},"end":{"line":178,"column":41}},"94":{"start":{"line":179,"column":10},"end":{"line":179,"column":48}},"95":{"start":{"line":180,"column":10},"end":{"line":180,"column":17}},"96":{"start":{"line":185,"column":2},"end":{"line":197,"column":5}},"97":{"start":{"line":186,"column":4},"end":{"line":196,"column":7}},"98":{"start":{"line":187,"column":6},"end":{"line":195,"column":11}},"99":{"start":{"line":190,"column":10},"end":{"line":190,"column":39}},"100":{"start":{"line":191,"column":10},"end":{"line":191,"column":44}},"101":{"start":{"line":192,"column":10},"end":{"line":192,"column":41}},"102":{"start":{"line":193,"column":10},"end":{"line":193,"column":48}},"103":{"start":{"line":194,"column":10},"end":{"line":194,"column":17}}},"branchMap":{}},"/home/gchilie/Desktop/Questioner/server.js":{"path":"/home/gchilie/Desktop/Questioner/server.js","s":{"1":1,"2":1,"3":1,"4":1,"5":1,"6":1,"7":1,"8":1,"9":1,"10":0,"11":0,"12":1},"b":{"1":[1,1],"2":[0,1]},"f":{},"fnMap":{},"statementMap":{"1":{"start":{"line":1,"column":0},"end":{"line":1,"column":35}},"2":{"start":{"line":2,"column":0},"end":{"line":2,"column":43}},"3":{"start":{"line":3,"column":0},"end":{"line":3,"column":45}},"4":{"start":{"line":5,"column":0},"end":{"line":5,"column":22}},"5":{"start":{"line":6,"column":0},"end":{"line":6,"column":40}},"6":{"start":{"line":8,"column":0},"end":{"line":8,"column":24}},"7":{"start":{"line":9,"column":0},"end":{"line":9,"column":48}},"8":{"start":{"line":10,"column":0},"end":{"line":10,"column":16}},"9":{"start":{"line":12,"column":0},"end":{"line":16,"column":1}},"10":{"start":{"line":13,"column":2},"end":{"line":15,"column":5}},"11":{"start":{"line":14,"column":4},"end":{"line":14,"column":47}},"12":{"start":{"line":18,"column":0},"end":{"line":18,"column":21}}},"branchMap":{"1":{"line":6,"type":"binary-expr","locations":[{"start":{"line":6,"column":13},"end":{"line":6,"column":29}},{"start":{"line":6,"column":33},"end":{"line":6,"column":39}}]},"2":{"line":12,"type":"if","locations":[{"start":{"line":12,"column":0},"end":{"line":12,"column":0}},{"start":{"line":12,"column":0},"end":{"line":12,"column":0}}]}}},"/home/gchilie/Desktop/Questioner/app/routes/index.js":{"path":"/home/gchilie/Desktop/Questioner/app/routes/index.js","s":{"1":1,"2":1,"3":1,"4":1,"5":1,"6":1,"7":1},"b":{},"f":{},"fnMap":{},"statementMap":{"1":{"start":{"line":1,"column":0},"end":{"line":1,"column":35}},"2":{"start":{"line":3,"column":0},"end":{"line":3,"column":40}},"3":{"start":{"line":4,"column":0},"end":{"line":4,"column":44}},"4":{"start":{"line":6,"column":0},"end":{"line":6,"column":32}},"5":{"start":{"line":8,"column":0},"end":{"line":8,"column":24}},"6":{"start":{"line":9,"column":0},"end":{"line":9,"column":43}},"7":{"start":{"line":10,"column":0},"end":{"line":10,"column":47}}},"branchMap":{}},"/home/gchilie/Desktop/Questioner/app/lib/helper.js":{"path":"/home/gchilie/Desktop/Questioner/app/lib/helper.js","s":{"1":1,"2":1,"3":1,"4":3,"5":3,"6":0,"7":1,"8":32,"9":1,"10":5,"11":5,"12":34,"13":5,"14":1,"15":5,"16":1,"17":5,"18":1,"19":0,"20":0,"21":0,"22":1,"23":11,"24":34,"25":9,"26":2,"27":1},"b":{"1":[3,0],"2":[1,4],"3":[0,0],"4":[9,25],"5":[34,25]},"f":{"1":11},"fnMap":{"1":{"name":"checkFieldsPost","line":34,"loc":{"start":{"line":34,"column":0},"end":{"line":34,"column":43}}}},"statementMap":{"1":{"start":{"line":1,"column":0},"end":{"line":1,"column":25}},"2":{"start":{"line":3,"column":0},"end":{"line":3,"column":40}},"3":{"start":{"line":5,"column":0},"end":{"line":9,"column":2}},"4":{"start":{"line":6,"column":2},"end":{"line":8,"column":3}},"5":{"start":{"line":7,"column":4},"end":{"line":7,"column":42}},"6":{"start":{"line":8,"column":4},"end":{"line":8,"column":13}},"7":{"start":{"line":11,"column":0},"end":{"line":11,"column":44}},"8":{"start":{"line":11,"column":22},"end":{"line":11,"column":43}},"9":{"start":{"line":13,"column":0},"end":{"line":22,"column":3}},"10":{"start":{"line":13,"column":37},"end":{"line":22,"column":2}},"11":{"start":{"line":14,"column":2},"end":{"line":14,"column":43}},"12":{"start":{"line":14,"column":30},"end":{"line":14,"column":41}},"13":{"start":{"line":15,"column":2},"end":{"line":20,"column":3}},"14":{"start":{"line":16,"column":4},"end":{"line":19,"column":7}},"15":{"start":{"line":21,"column":2},"end":{"line":21,"column":15}},"16":{"start":{"line":24,"column":0},"end":{"line":26,"column":2}},"17":{"start":{"line":25,"column":2},"end":{"line":25,"column":54}},"18":{"start":{"line":28,"column":0},"end":{"line":32,"column":2}},"19":{"start":{"line":29,"column":2},"end":{"line":31,"column":3}},"20":{"start":{"line":30,"column":4},"end":{"line":30,"column":17}},"21":{"start":{"line":31,"column":4},"end":{"line":31,"column":16}},"22":{"start":{"line":34,"column":0},"end":{"line":49,"column":1}},"23":{"start":{"line":35,"column":2},"end":{"line":43,"column":3}},"24":{"start":{"line":36,"column":4},"end":{"line":42,"column":5}},"25":{"start":{"line":38,"column":6},"end":{"line":41,"column":8}},"26":{"start":{"line":45,"column":2},"end":{"line":48,"column":4}},"27":{"start":{"line":51,"column":0},"end":{"line":58,"column":2}}},"branchMap":{"1":{"line":6,"type":"if","locations":[{"start":{"line":6,"column":2},"end":{"line":6,"column":2}},{"start":{"line":6,"column":2},"end":{"line":6,"column":2}}]},"2":{"line":15,"type":"if","locations":[{"start":{"line":15,"column":2},"end":{"line":15,"column":2}},{"start":{"line":15,"column":2},"end":{"line":15,"column":2}}]},"3":{"line":29,"type":"if","locations":[{"start":{"line":29,"column":2},"end":{"line":29,"column":2}},{"start":{"line":29,"column":2},"end":{"line":29,"column":2}}]},"4":{"line":36,"type":"if","locations":[{"start":{"line":36,"column":4},"end":{"line":36,"column":4}},{"start":{"line":36,"column":4},"end":{"line":36,"column":4}}]},"5":{"line":36,"type":"binary-expr","locations":[{"start":{"line":36,"column":8},"end":{"line":36,"column":33}},{"start":{"line":36,"column":37},"end":{"line":36,"column":55}}]}}}}