TN:
SF:/home/gchilie/Desktop/Questioner/test.js
FNF:0
FNH:0
DA:2,1
DA:3,1
DA:4,1
DA:6,1
DA:7,1
DA:9,1
DA:10,1
DA:11,1
DA:12,1
DA:15,1
DA:16,1
DA:17,1
DA:18,1
DA:19,1
DA:24,1
DA:25,1
DA:26,1
DA:27,1
DA:30,1
DA:31,1
DA:32,1
DA:33,1
DA:34,1
DA:38,1
DA:39,1
DA:40,1
DA:43,1
DA:44,1
DA:45,1
DA:46,1
DA:47,1
DA:52,1
DA:53,1
DA:54,1
DA:57,1
DA:58,1
DA:59,1
DA:60,1
DA:65,1
DA:66,1
DA:67,1
DA:68,1
DA:75,1
DA:79,1
DA:80,1
DA:81,1
DA:82,1
DA:83,1
DA:87,1
DA:88,5
DA:89,5
DA:96,5
DA:97,5
DA:101,5
DA:102,5
DA:103,5
DA:104,5
DA:105,5
DA:111,1
DA:112,1
DA:113,1
DA:116,1
DA:117,1
DA:118,1
DA:119,1
DA:120,1
DA:126,1
DA:127,1
DA:128,1
DA:129,1
DA:130,1
DA:136,1
DA:140,1
DA:141,1
DA:142,1
DA:143,1
DA:144,1
DA:148,1
DA:149,4
DA:150,4
DA:156,4
DA:157,4
DA:161,4
DA:162,4
DA:163,4
DA:164,4
DA:165,4
DA:171,1
DA:172,1
DA:173,1
DA:176,1
DA:177,1
DA:178,1
DA:179,1
DA:180,1
DA:185,1
DA:186,1
DA:187,1
DA:190,1
DA:191,1
DA:192,1
DA:193,1
DA:194,1
LF:103
LH:103
BRF:0
BRH:0
end_of_record
TN:
SF:/home/gchilie/Desktop/Questioner/server.js
FNF:0
FNH:0
DA:1,1
DA:2,1
DA:3,1
DA:5,1
DA:6,1
DA:8,1
DA:9,1
DA:10,1
DA:12,1
DA:13,0
DA:14,0
DA:18,1
LF:12
LH:10
BRDA:6,1,0,1
BRDA:6,1,1,1
BRDA:12,2,0,0
BRDA:12,2,1,1
BRF:4
BRH:3
end_of_record
TN:
SF:/home/gchilie/Desktop/Questioner/app/routes/index.js
FNF:0
FNH:0
DA:1,1
DA:3,1
DA:4,1
DA:6,1
DA:8,1
DA:9,1
DA:10,1
LF:7
LH:7
BRF:0
BRH:0
end_of_record
TN:
SF:/home/gchilie/Desktop/Questioner/app/lib/helper.js
FN:34,checkFieldsPost
FNF:1
FNH:1
FNDA:11,checkFieldsPost
DA:1,1
DA:3,1
DA:5,1
DA:6,3
DA:7,3
DA:8,0
DA:11,32
DA:13,5
DA:14,34
DA:15,5
DA:16,1
DA:21,5
DA:24,1
DA:25,5
DA:28,1
DA:29,0
DA:30,0
DA:31,0
DA:34,1
DA:35,11
DA:36,34
DA:38,9
DA:45,2
DA:51,1
LF:24
LH:20
BRDA:6,1,0,3
BRDA:6,1,1,0
BRDA:15,2,0,1
BRDA:15,2,1,4
BRDA:29,3,0,0
BRDA:29,3,1,0
BRDA:36,4,0,9
BRDA:36,4,1,25
BRDA:36,5,0,34
BRDA:36,5,1,25
BRF:10
BRH:7
end_of_record
